This file contains any messages produced by compilers while
running configure, to aid debugging if configure makes a mistake.

It was created by Spider Utils configure 2.0.0, which was
generated by GNU Autoconf 2.63.  Invocation command line was

  $ ./configure CC=gcc -std=gnu99 CXX=g++ -std=gnu++0x BUILD_DEPENDENCIES=/search/wuwenjun/project/redis_manager --no-create --no-recursion

## --------- ##
## Platform. ##
## --------- ##

hostname = wwj_machine
uname -m = x86_64
uname -r = 2.6.32-220.17.1.el6.x86_64
uname -s = Linux
uname -v = #1 SMP Thu Apr 26 13:37:13 EDT 2012

/usr/bin/uname -p = unknown
/bin/uname -X     = unknown

/bin/arch              = x86_64
/usr/bin/arch -k       = unknown
/usr/convex/getsysinfo = unknown
/usr/bin/hostinfo      = unknown
/bin/machine           = unknown
/usr/bin/oslevel       = unknown
/bin/universe          = unknown

PATH: /usr/lib64/qt-3.3/bin
PATH: /usr/local/sbin
PATH: /usr/local/bin
PATH: /sbin
PATH: /bin
PATH: /usr/sbin
PATH: /usr/bin
PATH: /root/bin


## ----------- ##
## Core tests. ##
## ----------- ##

configure:2107: checking for a BSD-compatible install
configure:2175: result: /usr/bin/install -c
configure:2186: checking whether build environment is sane
configure:2246: result: yes
configure:2387: checking for a thread-safe mkdir -p
configure:2426: result: /bin/mkdir -p
configure:2439: checking for gawk
configure:2455: found /bin/gawk
configure:2466: result: gawk
configure:2477: checking whether make sets $(MAKE)
configure:2499: result: yes
configure:2591: checking build system type
configure:2609: result: x86_64-unknown-linux-gnu
configure:2631: checking host system type
configure:2646: result: x86_64-unknown-linux-gnu
configure:2724: checking for gcc
configure:2751: result: gcc -std=gnu99
configure:2983: checking for C compiler version
configure:2991: gcc -std=gnu99 --version >&5
gcc (GCC) 4.4.6 20110731 (Red Hat 4.4.6-3)
Copyright (C) 2010 Free Software Foundation, Inc.
This is free software; see the source for copying conditions.  There is NO
warranty; not even for MERCHANTABILITY or FITNESS FOR A PARTICULAR PURPOSE.

configure:2995: $? = 0
configure:3002: gcc -std=gnu99 -v >&5
Using built-in specs.
Target: x86_64-redhat-linux
Configured with: ../configure --prefix=/usr --mandir=/usr/share/man --infodir=/usr/share/info --with-bugurl=http://bugzilla.redhat.com/bugzilla --enable-bootstrap --enable-shared --enable-threads=posix --enable-checking=release --with-system-zlib --enable-__cxa_atexit --disable-libunwind-exceptions --enable-gnu-unique-object --enable-languages=c,c++,objc,obj-c++,java,fortran,ada --enable-java-awt=gtk --disable-dssi --with-java-home=/usr/lib/jvm/java-1.5.0-gcj-1.5.0.0/jre --enable-libgcj-multifile --enable-java-maintainer-mode --with-ecj-jar=/usr/share/java/eclipse-ecj.jar --disable-libjava-multilib --with-ppl --with-cloog --with-tune=generic --with-arch_32=i686 --build=x86_64-redhat-linux
Thread model: posix
gcc version 4.4.6 20110731 (Red Hat 4.4.6-3) (GCC) 
configure:3006: $? = 0
configure:3013: gcc -std=gnu99 -V >&5
gcc: '-V' must come at the start of the command line
configure:3017: $? = 1
configure:3040: checking for C compiler default output file name
configure:3062: gcc -std=gnu99    conftest.c  >&5
configure:3066: $? = 0
configure:3104: result: a.out
configure:3123: checking whether the C compiler works
configure:3133: ./a.out
configure:3137: $? = 0
configure:3156: result: yes
configure:3163: checking whether we are cross compiling
configure:3165: result: no
configure:3168: checking for suffix of executables
configure:3175: gcc -std=gnu99 -o conftest    conftest.c  >&5
configure:3179: $? = 0
configure:3205: result: 
configure:3211: checking for suffix of object files
configure:3237: gcc -std=gnu99 -c   conftest.c >&5
configure:3241: $? = 0
configure:3266: result: o
configure:3270: checking whether we are using the GNU C compiler
configure:3299: gcc -std=gnu99 -c   conftest.c >&5
configure:3306: $? = 0
configure:3323: result: yes
configure:3332: checking whether gcc -std=gnu99 accepts -g
configure:3362: gcc -std=gnu99 -c -g  conftest.c >&5
configure:3369: $? = 0
configure:3470: result: yes
configure:3487: checking for gcc -std=gnu99 option to accept ISO C89
configure:3561: gcc -std=gnu99  -c -g -O2  conftest.c >&5
configure:3568: $? = 0
configure:3591: result: none needed
configure:3620: checking for style of include used by make
configure:3648: result: GNU
configure:3673: checking dependency style of gcc -std=gnu99
configure:3783: result: gcc3
configure:3910: checking for C++ compiler version
configure:3918: g++ -std=gnu++0x --version >&5
g++ (GCC) 4.4.6 20110731 (Red Hat 4.4.6-3)
Copyright (C) 2010 Free Software Foundation, Inc.
This is free software; see the source for copying conditions.  There is NO
warranty; not even for MERCHANTABILITY or FITNESS FOR A PARTICULAR PURPOSE.

configure:3922: $? = 0
configure:3929: g++ -std=gnu++0x -v >&5
Using built-in specs.
Target: x86_64-redhat-linux
Configured with: ../configure --prefix=/usr --mandir=/usr/share/man --infodir=/usr/share/info --with-bugurl=http://bugzilla.redhat.com/bugzilla --enable-bootstrap --enable-shared --enable-threads=posix --enable-checking=release --with-system-zlib --enable-__cxa_atexit --disable-libunwind-exceptions --enable-gnu-unique-object --enable-languages=c,c++,objc,obj-c++,java,fortran,ada --enable-java-awt=gtk --disable-dssi --with-java-home=/usr/lib/jvm/java-1.5.0-gcj-1.5.0.0/jre --enable-libgcj-multifile --enable-java-maintainer-mode --with-ecj-jar=/usr/share/java/eclipse-ecj.jar --disable-libjava-multilib --with-ppl --with-cloog --with-tune=generic --with-arch_32=i686 --build=x86_64-redhat-linux
Thread model: posix
gcc version 4.4.6 20110731 (Red Hat 4.4.6-3) (GCC) 
configure:3933: $? = 0
configure:3940: g++ -std=gnu++0x -V >&5
g++: argument to '-V' missing

configure:3944: $? = 1
configure:3947: checking whether we are using the GNU C++ compiler
configure:3976: g++ -std=gnu++0x -c   conftest.cpp >&5
configure:3983: $? = 0
configure:4000: result: yes
configure:4009: checking whether g++ -std=gnu++0x accepts -g
configure:4039: g++ -std=gnu++0x -c -g  conftest.cpp >&5
configure:4046: $? = 0
configure:4147: result: yes
configure:4172: checking dependency style of g++ -std=gnu++0x
configure:4282: result: gcc3
configure:4346: checking for pkg-config
configure:4364: found /usr/bin/pkg-config
configure:4376: result: /usr/bin/pkg-config
configure:4401: checking pkg-config is at least version 0.9.0
configure:4404: result: yes
configure:4469: checking for a sed that does not truncate output
configure:4535: result: /bin/sed
configure:4553: checking for grep that handles long lines and -e
configure:4613: result: /bin/grep
configure:4618: checking for egrep
configure:4682: result: /bin/grep -E
configure:4687: checking for fgrep
configure:4751: result: /bin/grep -F
configure:4786: checking for ld used by gcc -std=gnu99
configure:4853: result: /usr/bin/ld
configure:4862: checking if the linker (/usr/bin/ld) is GNU ld
configure:4877: result: yes
configure:4889: checking for BSD- or MS-compatible name lister (nm)
configure:4938: result: /usr/bin/nm -B
configure:5056: checking the name lister (/usr/bin/nm -B) interface
configure:5063: g++ -std=gnu++0x -c -g -O2  conftest.cpp >&5
configure:5066: /usr/bin/nm -B "conftest.o"
configure:5069: output
0000000000000000 B some_variable
configure:5076: result: BSD nm
configure:5079: checking whether ln -s works
configure:5083: result: yes
configure:5091: checking the maximum length of command line arguments
configure:5211: result: 1966080
configure:5228: checking whether the shell understands some XSI constructs
configure:5238: result: yes
configure:5242: checking whether the shell understands "+="
configure:5248: result: yes
configure:5283: checking for /usr/bin/ld option to reload object files
configure:5290: result: -r
configure:5359: checking for objdump
configure:5375: found /usr/bin/objdump
configure:5386: result: objdump
configure:5418: checking how to recognize dependent libraries
configure:5614: result: pass_all
configure:5674: checking for ar
configure:5690: found /usr/bin/ar
configure:5701: result: ar
configure:5779: checking for strip
configure:5795: found /usr/bin/strip
configure:5806: result: strip
configure:5878: checking for ranlib
configure:5894: found /usr/bin/ranlib
configure:5905: result: ranlib
configure:5995: checking command to parse /usr/bin/nm -B output from gcc -std=gnu99 object
configure:6113: g++ -std=gnu++0x -c -g -O2  conftest.cpp >&5
configure:6116: $? = 0
configure:6120: /usr/bin/nm -B conftest.o \| sed -n -e 's/^.*[	 ]\([ABCDGIRSTW][ABCDGIRSTW]*\)[	 ][	 ]*\([_A-Za-z][_A-Za-z0-9]*\)$/\1 \2 \2/p' \> conftest.nm
configure:6123: $? = 0
configure:6177: g++ -std=gnu++0x -o conftest -g -O2   conftest.cpp conftstm.o >&5
configure:6180: $? = 0
configure:6218: result: ok
configure:6314: g++ -std=gnu++0x -c -g -O2  conftest.cpp >&5
configure:6317: $? = 0
configure:7085: checking how to run the C preprocessor
configure:7125: gcc -std=gnu99 -E  conftest.c
configure:7132: $? = 0
configure:7163: gcc -std=gnu99 -E  conftest.c
conftest.c:10:28: error: ac_nonexistent.h: No such file or directory
configure:7170: $? = 1
configure: failed program was:
| /* confdefs.h.  */
| #define PACKAGE_NAME "Spider Utils"
| #define PACKAGE_TARNAME "spider-utils"
| #define PACKAGE_VERSION "2.0.0"
| #define PACKAGE_STRING "Spider Utils 2.0.0"
| #define PACKAGE_BUGREPORT "songnan@sogou-inc.com"
| #define PACKAGE "spider-utils"
| #define VERSION "2.0.0"
| /* end confdefs.h.  */
| #include <ac_nonexistent.h>
configure:7203: result: gcc -std=gnu99 -E
configure:7232: gcc -std=gnu99 -E  conftest.c
configure:7239: $? = 0
configure:7270: gcc -std=gnu99 -E  conftest.c
conftest.c:10:28: error: ac_nonexistent.h: No such file or directory
configure:7277: $? = 1
configure: failed program was:
| /* confdefs.h.  */
| #define PACKAGE_NAME "Spider Utils"
| #define PACKAGE_TARNAME "spider-utils"
| #define PACKAGE_VERSION "2.0.0"
| #define PACKAGE_STRING "Spider Utils 2.0.0"
| #define PACKAGE_BUGREPORT "songnan@sogou-inc.com"
| #define PACKAGE "spider-utils"
| #define VERSION "2.0.0"
| /* end confdefs.h.  */
| #include <ac_nonexistent.h>
configure:7317: checking for ANSI C header files
configure:7347: gcc -std=gnu99 -c -g -O2  conftest.c >&5
configure:7354: $? = 0
configure:7453: gcc -std=gnu99 -o conftest -g -O2   conftest.c  >&5
configure:7457: $? = 0
configure:7463: ./conftest
configure:7467: $? = 0
configure:7485: result: yes
configure:7509: checking for sys/types.h
configure:7530: gcc -std=gnu99 -c -g -O2  conftest.c >&5
configure:7537: $? = 0
configure:7554: result: yes
configure:7509: checking for sys/stat.h
configure:7530: gcc -std=gnu99 -c -g -O2  conftest.c >&5
configure:7537: $? = 0
configure:7554: result: yes
configure:7509: checking for stdlib.h
configure:7530: gcc -std=gnu99 -c -g -O2  conftest.c >&5
configure:7537: $? = 0
configure:7554: result: yes
configure:7509: checking for string.h
configure:7530: gcc -std=gnu99 -c -g -O2  conftest.c >&5
configure:7537: $? = 0
configure:7554: result: yes
configure:7509: checking for memory.h
configure:7530: gcc -std=gnu99 -c -g -O2  conftest.c >&5
configure:7537: $? = 0
configure:7554: result: yes
configure:7509: checking for strings.h
configure:7530: gcc -std=gnu99 -c -g -O2  conftest.c >&5
configure:7537: $? = 0
configure:7554: result: yes
configure:7509: checking for inttypes.h
configure:7530: gcc -std=gnu99 -c -g -O2  conftest.c >&5
configure:7537: $? = 0
configure:7554: result: yes
configure:7509: checking for stdint.h
configure:7530: gcc -std=gnu99 -c -g -O2  conftest.c >&5
configure:7537: $? = 0
configure:7554: result: yes
configure:7509: checking for unistd.h
configure:7530: gcc -std=gnu99 -c -g -O2  conftest.c >&5
configure:7537: $? = 0
configure:7554: result: yes
configure:7572: checking for dlfcn.h
configure:7593: gcc -std=gnu99 -c -g -O2  conftest.c >&5
configure:7600: $? = 0
configure:7617: result: yes
configure:7744: checking for C++ compiler version
configure:7752: g++ -std=gnu++0x --version >&5
g++ (GCC) 4.4.6 20110731 (Red Hat 4.4.6-3)
Copyright (C) 2010 Free Software Foundation, Inc.
This is free software; see the source for copying conditions.  There is NO
warranty; not even for MERCHANTABILITY or FITNESS FOR A PARTICULAR PURPOSE.

configure:7756: $? = 0
configure:7763: g++ -std=gnu++0x -v >&5
Using built-in specs.
Target: x86_64-redhat-linux
Configured with: ../configure --prefix=/usr --mandir=/usr/share/man --infodir=/usr/share/info --with-bugurl=http://bugzilla.redhat.com/bugzilla --enable-bootstrap --enable-shared --enable-threads=posix --enable-checking=release --with-system-zlib --enable-__cxa_atexit --disable-libunwind-exceptions --enable-gnu-unique-object --enable-languages=c,c++,objc,obj-c++,java,fortran,ada --enable-java-awt=gtk --disable-dssi --with-java-home=/usr/lib/jvm/java-1.5.0-gcj-1.5.0.0/jre --enable-libgcj-multifile --enable-java-maintainer-mode --with-ecj-jar=/usr/share/java/eclipse-ecj.jar --disable-libjava-multilib --with-ppl --with-cloog --with-tune=generic --with-arch_32=i686 --build=x86_64-redhat-linux
Thread model: posix
gcc version 4.4.6 20110731 (Red Hat 4.4.6-3) (GCC) 
configure:7767: $? = 0
configure:7774: g++ -std=gnu++0x -V >&5
g++: argument to '-V' missing

configure:7778: $? = 1
configure:7781: checking whether we are using the GNU C++ compiler
configure:7834: result: yes
configure:7843: checking whether g++ -std=gnu++0x accepts -g
configure:7981: result: yes
configure:8006: checking dependency style of g++ -std=gnu++0x
configure:8116: result: gcc3
configure:8139: checking how to run the C++ preprocessor
configure:8175: g++ -std=gnu++0x -E  conftest.cpp
configure:8182: $? = 0
configure:8213: g++ -std=gnu++0x -E  conftest.cpp
conftest.cpp:21:28: error: ac_nonexistent.h: No such file or directory
configure:8220: $? = 1
configure: failed program was:
| /* confdefs.h.  */
| #define PACKAGE_NAME "Spider Utils"
| #define PACKAGE_TARNAME "spider-utils"
| #define PACKAGE_VERSION "2.0.0"
| #define PACKAGE_STRING "Spider Utils 2.0.0"
| #define PACKAGE_BUGREPORT "songnan@sogou-inc.com"
| #define PACKAGE "spider-utils"
| #define VERSION "2.0.0"
| #define STDC_HEADERS 1
| #define HAVE_SYS_TYPES_H 1
| #define HAVE_SYS_STAT_H 1
| #define HAVE_STDLIB_H 1
| #define HAVE_STRING_H 1
| #define HAVE_MEMORY_H 1
| #define HAVE_STRINGS_H 1
| #define HAVE_INTTYPES_H 1
| #define HAVE_STDINT_H 1
| #define HAVE_UNISTD_H 1
| #define HAVE_DLFCN_H 1
| /* end confdefs.h.  */
| #include <ac_nonexistent.h>
configure:8253: result: g++ -std=gnu++0x -E
configure:8282: g++ -std=gnu++0x -E  conftest.cpp
configure:8289: $? = 0
configure:8320: g++ -std=gnu++0x -E  conftest.cpp
conftest.cpp:21:28: error: ac_nonexistent.h: No such file or directory
configure:8327: $? = 1
configure: failed program was:
| /* confdefs.h.  */
| #define PACKAGE_NAME "Spider Utils"
| #define PACKAGE_TARNAME "spider-utils"
| #define PACKAGE_VERSION "2.0.0"
| #define PACKAGE_STRING "Spider Utils 2.0.0"
| #define PACKAGE_BUGREPORT "songnan@sogou-inc.com"
| #define PACKAGE "spider-utils"
| #define VERSION "2.0.0"
| #define STDC_HEADERS 1
| #define HAVE_SYS_TYPES_H 1
| #define HAVE_SYS_STAT_H 1
| #define HAVE_STDLIB_H 1
| #define HAVE_STRING_H 1
| #define HAVE_MEMORY_H 1
| #define HAVE_STRINGS_H 1
| #define HAVE_INTTYPES_H 1
| #define HAVE_STDINT_H 1
| #define HAVE_UNISTD_H 1
| #define HAVE_DLFCN_H 1
| /* end confdefs.h.  */
| #include <ac_nonexistent.h>
configure:8511: checking for objdir
configure:8526: result: .libs
configure:8818: checking if gcc -std=gnu99 supports -fno-rtti -fno-exceptions
configure:8836: gcc -std=gnu99 -c -g -O2  -fno-rtti -fno-exceptions conftest.c >&5
cc1: warning: command line option "-fno-rtti" is valid for C++/ObjC++ but not for C
configure:8840: $? = 0
configure:8853: result: no
configure:8873: checking for gcc -std=gnu99 option to produce PIC
configure:9145: result: -fPIC -DPIC
configure:9157: checking if gcc -std=gnu99 PIC flag -fPIC -DPIC works
configure:9175: gcc -std=gnu99 -c -g -O2  -fPIC -DPIC -DPIC conftest.c >&5
configure:9179: $? = 0
configure:9192: result: yes
configure:9216: checking if gcc -std=gnu99 static flag -static works
configure:9244: result: no
configure:9259: checking if gcc -std=gnu99 supports -c -o file.o
configure:9280: gcc -std=gnu99 -c -g -O2  -o out/conftest2.o conftest.c >&5
configure:9284: $? = 0
configure:9306: result: yes
configure:9314: checking if gcc -std=gnu99 supports -c -o file.o
configure:9361: result: yes
configure:9394: checking whether the gcc -std=gnu99 linker (/usr/bin/ld -m elf_x86_64) supports shared libraries
configure:10468: result: yes
configure:10505: checking whether -lc should be explicitly linked in
configure:10510: gcc -std=gnu99 -c -g -O2  conftest.c >&5
configure:10513: $? = 0
configure:10528: gcc -std=gnu99 -shared conftest.o  -v -Wl,-soname -Wl,conftest -o conftest 2\>\&1 \| /bin/grep  -lc  \>/dev/null 2\>\&1
configure:10531: $? = 0
configure:10543: result: no
configure:10707: checking dynamic linker characteristics
configure:11150: gcc -std=gnu99 -o conftest -g -O2   -Wl,-rpath -Wl,/foo conftest.c  >&5
configure:11157: $? = 0
configure:11393: result: GNU/Linux ld.so
configure:11495: checking how to hardcode library paths into programs
configure:11520: result: immediate
configure:12353: checking whether stripping libraries is possible
configure:12358: result: yes
configure:12393: checking if libtool supports shared libraries
configure:12395: result: yes
configure:12398: checking whether to build shared libraries
configure:12419: result: yes
configure:12422: checking whether to build static libraries
configure:12426: result: no
configure:12576: checking for ld used by g++ -std=gnu++0x
configure:12643: result: /usr/bin/ld -m elf_x86_64
configure:12652: checking if the linker (/usr/bin/ld -m elf_x86_64) is GNU ld
configure:12667: result: yes
configure:12722: checking whether the g++ -std=gnu++0x linker (/usr/bin/ld -m elf_x86_64) supports shared libraries
configure:13697: result: yes
configure:13725: g++ -std=gnu++0x -c -g -O2  conftest.cpp >&5
configure:13728: $? = 0
configure:13910: checking for g++ -std=gnu++0x option to produce PIC
configure:14227: result: -fPIC -DPIC
configure:14236: checking if g++ -std=gnu++0x PIC flag -fPIC -DPIC works
configure:14254: g++ -std=gnu++0x -c -g -O2  -fPIC -DPIC -DPIC conftest.cpp >&5
configure:14258: $? = 0
configure:14271: result: yes
configure:14292: checking if g++ -std=gnu++0x static flag -static works
configure:14320: result: no
configure:14332: checking if g++ -std=gnu++0x supports -c -o file.o
configure:14353: g++ -std=gnu++0x -c -g -O2  -o out/conftest2.o conftest.cpp >&5
configure:14357: $? = 0
configure:14379: result: yes
configure:14384: checking if g++ -std=gnu++0x supports -c -o file.o
configure:14431: result: yes
configure:14461: checking whether the g++ -std=gnu++0x linker (/usr/bin/ld -m elf_x86_64) supports shared libraries
configure:14487: result: yes
configure:14624: checking dynamic linker characteristics
configure:15015: g++ -std=gnu++0x -o conftest -g -O2   -Wl,-rpath -Wl,/foo conftest.cpp  >&5
configure:15022: $? = 0
configure:15258: result: GNU/Linux ld.so
configure:15309: checking how to hardcode library paths into programs
configure:15334: result: immediate
configure:15397: checking for ANSI C header files
configure:15565: result: yes
configure:15591: checking iostream usability
configure:15608: g++ -std=gnu++0x -c -g -O2  conftest.cpp >&5
configure:15615: $? = 0
configure:15629: result: yes
configure:15633: checking iostream presence
configure:15648: g++ -std=gnu++0x -E  conftest.cpp
configure:15655: $? = 0
configure:15669: result: yes
configure:15702: checking for iostream
configure:15711: result: yes
configure:15747: checking for iostream
configure:15754: result: yes
configure:15900: checking platform
configure:15919: result: linux-gnu
configure:15939: checking debug feature
configure:15941: result: 
configure:15956: checking optimize feature
configure:15958: result: 
configure:15974: checking profile feature
configure:15976: result: 
configure:15991: checking precompiled headers feature
configure:15993: result: yes
configure:16039: g++ -std=gnu++0x -c -g -O2 -pthread  -D_REENTRANT conftest.cpp >&5
configure:16046: $? = 0
configure:16190: checking boost/system/error_code.hpp usability
configure:16207: g++ -std=gnu++0x -c -g -O2 -pthread  -D_REENTRANT -D_FILE_OFFSET_BITS=64 -D SS_DOCID_BITS=256 conftest.cpp >&5
configure:16214: $? = 0
configure:16228: result: yes
configure:16232: checking boost/system/error_code.hpp presence
configure:16247: g++ -std=gnu++0x -E  -D_REENTRANT -D_FILE_OFFSET_BITS=64 -D SS_DOCID_BITS=256 conftest.cpp
configure:16254: $? = 0
configure:16268: result: yes
configure:16301: checking for boost/system/error_code.hpp
configure:16310: result: yes
configure:16809: checking ace/ACE.h usability
configure:16826: g++ -std=gnu++0x -c -g -O2 -pthread  -D_REENTRANT -D_FILE_OFFSET_BITS=64 -D SS_DOCID_BITS=256 conftest.cpp >&5
configure:16833: $? = 0
configure:16847: result: yes
configure:16851: checking ace/ACE.h presence
configure:16866: g++ -std=gnu++0x -E  -D_REENTRANT -D_FILE_OFFSET_BITS=64 -D SS_DOCID_BITS=256 conftest.cpp
configure:16873: $? = 0
configure:16887: result: yes
configure:16920: checking for ace/ACE.h
configure:16929: result: yes
configure:17130: checking for library ACE with ACE::init
configure:17156: g++ -std=gnu++0x -o conftest -g -O2 -pthread  -D_REENTRANT -D_FILE_OFFSET_BITS=64 -D SS_DOCID_BITS=256  conftest.cpp  -lnsl -lACE >&5
configure:17163: $? = 0
configure:17174: result: ok
configure:17196: checking ace directory
configure:17198: result: ace_ROOT=
configure:17297: checking BUILD_DEPENDENCIES
configure:17299: result: /search/wuwenjun/project/redis_manager
configure:17491: creating ./config.status
configure:19983: patching libtool

## ---------------- ##
## Cache variables. ##
## ---------------- ##

ac_cv_build=x86_64-unknown-linux-gnu
ac_cv_c_compiler_gnu=yes
ac_cv_cxx_compiler_gnu=yes
ac_cv_env_BUILD_DEPENDENCIES_set=set
ac_cv_env_BUILD_DEPENDENCIES_value=/search/wuwenjun/project/redis_manager
ac_cv_env_CCC_set=
ac_cv_env_CCC_value=
ac_cv_env_CC_set=set
ac_cv_env_CC_value='gcc -std=gnu99'
ac_cv_env_CFLAGS_set=
ac_cv_env_CFLAGS_value=
ac_cv_env_CPPFLAGS_set=
ac_cv_env_CPPFLAGS_value=
ac_cv_env_CPP_set=
ac_cv_env_CPP_value=
ac_cv_env_CXXCPP_set=
ac_cv_env_CXXCPP_value=
ac_cv_env_CXXFLAGS_set=
ac_cv_env_CXXFLAGS_value=
ac_cv_env_CXX_set=set
ac_cv_env_CXX_value='g++ -std=gnu++0x'
ac_cv_env_LDFLAGS_set=
ac_cv_env_LDFLAGS_value=
ac_cv_env_LIBS_set=
ac_cv_env_LIBS_value=
ac_cv_env_PKG_CONFIG_set=
ac_cv_env_PKG_CONFIG_value=
ac_cv_env_build_alias_set=
ac_cv_env_build_alias_value=
ac_cv_env_host_alias_set=
ac_cv_env_host_alias_value=
ac_cv_env_target_alias_set=
ac_cv_env_target_alias_value=
ac_cv_header_ace_ACE_h=yes
ac_cv_header_boost_system_error_code_hpp=yes
ac_cv_header_dlfcn_h=yes
ac_cv_header_inttypes_h=yes
ac_cv_header_iostream=yes
ac_cv_header_memory_h=yes
ac_cv_header_stdc=yes
ac_cv_header_stdint_h=yes
ac_cv_header_stdlib_h=yes
ac_cv_header_string_h=yes
ac_cv_header_strings_h=yes
ac_cv_header_sys_stat_h=yes
ac_cv_header_sys_types_h=yes
ac_cv_header_unistd_h=yes
ac_cv_host=x86_64-unknown-linux-gnu
ac_cv_objext=o
ac_cv_path_EGREP='/bin/grep -E'
ac_cv_path_FGREP='/bin/grep -F'
ac_cv_path_GREP=/bin/grep
ac_cv_path_SED=/bin/sed
ac_cv_path_ac_pt_PKG_CONFIG=/usr/bin/pkg-config
ac_cv_path_install='/usr/bin/install -c'
ac_cv_path_mkdir=/bin/mkdir
ac_cv_prog_AWK=gawk
ac_cv_prog_CPP='gcc -std=gnu99 -E'
ac_cv_prog_CXXCPP='g++ -std=gnu++0x -E'
ac_cv_prog_ac_ct_AR=ar
ac_cv_prog_ac_ct_CC='gcc -std=gnu99'
ac_cv_prog_ac_ct_OBJDUMP=objdump
ac_cv_prog_ac_ct_RANLIB=ranlib
ac_cv_prog_ac_ct_STRIP=strip
ac_cv_prog_cc_c89=
ac_cv_prog_cc_g=yes
ac_cv_prog_cxx_g=yes
ac_cv_prog_make_make_set=yes
am_cv_CC_dependencies_compiler_type=gcc3
am_cv_CXX_dependencies_compiler_type=gcc3
lt_cv_deplibs_check_method=pass_all
lt_cv_file_magic_cmd='$MAGIC_CMD'
lt_cv_file_magic_test_file=
lt_cv_ld_reload_flag=-r
lt_cv_nm_interface='BSD nm'
lt_cv_objdir=.libs
lt_cv_path_LD=/usr/bin/ld
lt_cv_path_LDCXX='/usr/bin/ld -m elf_x86_64'
lt_cv_path_NM='/usr/bin/nm -B'
lt_cv_prog_compiler_c_o=yes
lt_cv_prog_compiler_c_o_CXX=yes
lt_cv_prog_compiler_pic_works=yes
lt_cv_prog_compiler_pic_works_CXX=yes
lt_cv_prog_compiler_rtti_exceptions=no
lt_cv_prog_compiler_static_works=no
lt_cv_prog_compiler_static_works_CXX=no
lt_cv_prog_gnu_ld=yes
lt_cv_prog_gnu_ldcxx=yes
lt_cv_sys_global_symbol_pipe='sed -n -e '\''s/^.*[	 ]\([ABCDGIRSTW][ABCDGIRSTW]*\)[	 ][	 ]*\([_A-Za-z][_A-Za-z0-9]*\)$/\1 \2 \2/p'\'''
lt_cv_sys_global_symbol_to_c_name_address='sed -n -e '\''s/^: \([^ ]*\) $/  {\"\1\", (void *) 0},/p'\'' -e '\''s/^[ABCDGIRSTW]* \([^ ]*\) \([^ ]*\)$/  {"\2", (void *) \&\2},/p'\'''
lt_cv_sys_global_symbol_to_c_name_address_lib_prefix='sed -n -e '\''s/^: \([^ ]*\) $/  {\"\1\", (void *) 0},/p'\'' -e '\''s/^[ABCDGIRSTW]* \([^ ]*\) \(lib[^ ]*\)$/  {"\2", (void *) \&\2},/p'\'' -e '\''s/^[ABCDGIRSTW]* \([^ ]*\) \([^ ]*\)$/  {"lib\2", (void *) \&\2},/p'\'''
lt_cv_sys_global_symbol_to_cdecl='sed -n -e '\''s/^T .* \(.*\)$/extern int \1();/p'\'' -e '\''s/^[ABCDGIRSTW]* .* \(.*\)$/extern char \1;/p'\'''
lt_cv_sys_max_cmd_len=1966080

## ----------------- ##
## Output variables. ##
## ----------------- ##

ACLOCAL='${SHELL} /search/wuwenjun/project/redis_manager/_aux/missing --run aclocal-1.11'
AMDEPBACKSLASH='\'
AMDEP_FALSE='#'
AMDEP_TRUE=''
AMTAR='${SHELL} /search/wuwenjun/project/redis_manager/_aux/missing --run tar'
AR='ar'
AUTOCONF='${SHELL} /search/wuwenjun/project/redis_manager/_aux/missing --run autoconf'
AUTOHEADER='${SHELL} /search/wuwenjun/project/redis_manager/_aux/missing --run autoheader'
AUTOMAKE='${SHELL} /search/wuwenjun/project/redis_manager/_aux/missing --run automake-1.11'
AWK='gawk'
BUILD_DEPENDENCIES='/search/wuwenjun/project/redis_manager'
BUILD_DEPENDENCIES_FALSE=''
BUILD_DEPENDENCIES_TRUE='#'
CC='gcc -std=gnu99'
CCDEPMODE='depmode=gcc3'
CFLAGS='-g -O2 -pthread'
CPP='gcc -std=gnu99 -E'
CPPFLAGS=' -D_REENTRANT -D_FILE_OFFSET_BITS=64 -D SS_DOCID_BITS=256'
CXX='g++ -std=gnu++0x'
CXXCPP='g++ -std=gnu++0x -E'
CXXDEPMODE='depmode=gcc3'
CXXFLAGS='-g -O2 -pthread'
CYGPATH_W='echo'
DEFS='-DHAVE_CONFIG_H'
DEPDIR='.deps'
DSYMUTIL=''
DUMPBIN=''
ECHO_C=''
ECHO_N='-n'
ECHO_T=''
EGREP='/bin/grep -E'
ENABLE_STATIC_FALSE=''
ENABLE_STATIC_TRUE='#'
EXEEXT=''
FGREP='/bin/grep -F'
GREP='/bin/grep'
INSTALL_DATA='${INSTALL} -m 644'
INSTALL_PROGRAM='${INSTALL}'
INSTALL_SCRIPT='${INSTALL}'
INSTALL_STRIP_PROGRAM='$(install_sh) -c -s'
LD='/usr/bin/ld -m elf_x86_64'
LDFLAGS=''
LIBOBJS=''
LIBS=' -lnsl'
LIBTOOL='$(SHELL) $(top_builddir)/libtool'
LIPO=''
LN_S='ln -s'
LTLIBOBJS=''
MAKEINFO='${SHELL} /search/wuwenjun/project/redis_manager/_aux/missing --run makeinfo'
MKDIR_P='/bin/mkdir -p'
NM='/usr/bin/nm -B'
NMEDIT=''
OBJDUMP='objdump'
OBJEXT='o'
OTOOL64=''
OTOOL=''
PACKAGE='spider-utils'
PACKAGE_BUGREPORT='songnan@sogou-inc.com'
PACKAGE_DEPENDENCIES=''
PACKAGE_NAME='Spider Utils'
PACKAGE_STRING='Spider Utils 2.0.0'
PACKAGE_TARNAME='spider-utils'
PACKAGE_VERSION='2.0.0'
PATH_SEPARATOR=':'
PKG_CONFIG='/usr/bin/pkg-config'
RANLIB='ranlib'
SED='/bin/sed'
SET_MAKE=''
SHELL='/bin/sh'
SS_BOOST_SYSTEM_FALSE='#'
SS_BOOST_SYSTEM_TRUE=''
STRIP='strip'
VERSION='2.0.0'
WITH_GCH_FALSE='#'
WITH_GCH_TRUE=''
ac_ct_CC='gcc -std=gnu99'
ac_ct_CXX=''
ac_ct_DUMPBIN=''
ace_LDADD='-lACE'
am__EXEEXT_FALSE=''
am__EXEEXT_TRUE='#'
am__fastdepCC_FALSE='#'
am__fastdepCC_TRUE=''
am__fastdepCXX_FALSE='#'
am__fastdepCXX_TRUE=''
am__include='include'
am__isrc=''
am__leading_dot='.'
am__quote=''
am__tar='${AMTAR} chof - "$$tardir"'
am__untar='${AMTAR} xf -'
bindir='${exec_prefix}/bin'
build='x86_64-unknown-linux-gnu'
build_alias=''
build_cpu='x86_64'
build_os='linux-gnu'
build_vendor='unknown'
datadir='${datarootdir}'
datarootdir='${prefix}/share'
docdir='${datarootdir}/doc/${PACKAGE_TARNAME}'
dvidir='${docdir}'
exec_prefix='${prefix}'
host='x86_64-unknown-linux-gnu'
host_alias=''
host_cpu='x86_64'
host_os='linux-gnu'
host_vendor='unknown'
htmldir='${docdir}'
includedir='${prefix}/include'
infodir='${datarootdir}/info'
install_sh='${SHELL} /search/wuwenjun/project/redis_manager/_aux/install-sh'
libdir='${exec_prefix}/lib64'
libexecdir='${exec_prefix}/libexec'
localedir='${datarootdir}/locale'
localstatedir='${prefix}/var'
lt_ECHO='echo'
mandir='${datarootdir}/man'
mkdir_p='/bin/mkdir -p'
oldincludedir='/usr/include'
pdfdir='${docdir}'
prefix='/usr/local'
program_transform_name='s,x,x,'
psdir='${docdir}'
sbindir='${exec_prefix}/sbin'
sharedstatedir='${prefix}/com'
sysconfdir='${prefix}/etc'
target_alias=''

## ----------- ##
## confdefs.h. ##
## ----------- ##

#define PACKAGE_NAME "Spider Utils"
#define PACKAGE_TARNAME "spider-utils"
#define PACKAGE_VERSION "2.0.0"
#define PACKAGE_STRING "Spider Utils 2.0.0"
#define PACKAGE_BUGREPORT "songnan@sogou-inc.com"
#define PACKAGE "spider-utils"
#define VERSION "2.0.0"
#define STDC_HEADERS 1
#define HAVE_SYS_TYPES_H 1
#define HAVE_SYS_STAT_H 1
#define HAVE_STDLIB_H 1
#define HAVE_STRING_H 1
#define HAVE_MEMORY_H 1
#define HAVE_STRINGS_H 1
#define HAVE_INTTYPES_H 1
#define HAVE_STDINT_H 1
#define HAVE_UNISTD_H 1
#define HAVE_DLFCN_H 1
#define LT_OBJDIR ".libs/"
#define STDC_HEADERS 1
#define HAVE_IOSTREAM 1
#define HAVE_IOSTREAM 1
#define HAVE_BOOST_SYSTEM_ERROR_CODE_HPP 1
#define HAVE_ACE_ACE_H 1

configure: exit 0

## ---------------------- ##
## Running config.status. ##
## ---------------------- ##

This file was extended by Spider Utils config.status 2.0.0, which was
generated by GNU Autoconf 2.63.  Invocation command line was

  CONFIG_FILES    = 
  CONFIG_HEADERS  = 
  CONFIG_LINKS    = 
  CONFIG_COMMANDS = 
  $ ./config.status 

on wwj_machine

config.status:1062: creating src/Makefile
config.status:1062: creating package_config.h
config.status:1284: package_config.h is unchanged
config.status:1336: executing depfiles commands
config.status:1336: executing libtool commands

## ---------------------- ##
## Running config.status. ##
## ---------------------- ##

This file was extended by Spider Utils config.status 2.0.0, which was
generated by GNU Autoconf 2.63.  Invocation command line was

  CONFIG_FILES    = 
  CONFIG_HEADERS  = 
  CONFIG_LINKS    = 
  CONFIG_COMMANDS = 
  $ ./config.status package_config.h

on wwj_machine

config.status:1062: creating package_config.h
config.status:1284: package_config.h is unchanged

## ---------------------- ##
## Running config.status. ##
## ---------------------- ##

This file was extended by Spider Utils config.status 2.0.0, which was
generated by GNU Autoconf 2.63.  Invocation command line was

  CONFIG_FILES    = 
  CONFIG_HEADERS  = 
  CONFIG_LINKS    = 
  CONFIG_COMMANDS = 
  $ ./config.status 

on wwj_machine

config.status:1062: creating src/Makefile
config.status:1062: creating package_config.h
config.status:1284: package_config.h is unchanged
config.status:1336: executing depfiles commands
config.status:1336: executing libtool commands

## ---------------------- ##
## Running config.status. ##
## ---------------------- ##

This file was extended by Spider Utils config.status 2.0.0, which was
generated by GNU Autoconf 2.63.  Invocation command line was

  CONFIG_FILES    = 
  CONFIG_HEADERS  = 
  CONFIG_LINKS    = 
  CONFIG_COMMANDS = 
  $ ./config.status src/Makefile depfiles

on wwj_machine

config.status:1062: creating src/Makefile
config.status:1336: executing depfiles commands

## ---------------------- ##
## Running config.status. ##
## ---------------------- ##

This file was extended by Spider Utils config.status 2.0.0, which was
generated by GNU Autoconf 2.63.  Invocation command line was

  CONFIG_FILES    = 
  CONFIG_HEADERS  = 
  CONFIG_LINKS    = 
  CONFIG_COMMANDS = 
  $ ./config.status src/Makefile depfiles

on wwj_machine

config.status:1062: creating src/Makefile
config.status:1336: executing depfiles commands

## ---------------------- ##
## Running config.status. ##
## ---------------------- ##

This file was extended by Spider Utils config.status 2.0.0, which was
generated by GNU Autoconf 2.63.  Invocation command line was

  CONFIG_FILES    = 
  CONFIG_HEADERS  = 
  CONFIG_LINKS    = 
  CONFIG_COMMANDS = 
  $ ./config.status src/Makefile depfiles

on wwj_machine

config.status:1062: creating src/Makefile
config.status:1336: executing depfiles commands

## ---------------------- ##
## Running config.status. ##
## ---------------------- ##

This file was extended by Spider Utils config.status 2.0.0, which was
generated by GNU Autoconf 2.63.  Invocation command line was

  CONFIG_FILES    = 
  CONFIG_HEADERS  = 
  CONFIG_LINKS    = 
  CONFIG_COMMANDS = 
  $ ./config.status src/Makefile depfiles

on wwj_machine

config.status:1062: creating src/Makefile
config.status:1336: executing depfiles commands

## ---------------------- ##
## Running config.status. ##
## ---------------------- ##

This file was extended by Spider Utils config.status 2.0.0, which was
generated by GNU Autoconf 2.63.  Invocation command line was

  CONFIG_FILES    = 
  CONFIG_HEADERS  = 
  CONFIG_LINKS    = 
  CONFIG_COMMANDS = 
  $ ./config.status src/Makefile depfiles

on wwj_machine

config.status:1062: creating src/Makefile
config.status:1336: executing depfiles commands

## ---------------------- ##
## Running config.status. ##
## ---------------------- ##

This file was extended by Spider Utils config.status 2.0.0, which was
generated by GNU Autoconf 2.63.  Invocation command line was

  CONFIG_FILES    = 
  CONFIG_HEADERS  = 
  CONFIG_LINKS    = 
  CONFIG_COMMANDS = 
  $ ./config.status 

on wwj_machine

config.status:1062: creating src/Makefile
config.status:1062: creating package_config.h
config.status:1284: package_config.h is unchanged
config.status:1336: executing depfiles commands
config.status:1336: executing libtool commands

## ---------------------- ##
## Running config.status. ##
## ---------------------- ##

This file was extended by Spider Utils config.status 2.0.0, which was
generated by GNU Autoconf 2.63.  Invocation command line was

  CONFIG_FILES    = 
  CONFIG_HEADERS  = 
  CONFIG_LINKS    = 
  CONFIG_COMMANDS = 
  $ ./config.status 

on wwj_machine

config.status:1062: creating src/Makefile
config.status:1062: creating package_config.h
config.status:1284: package_config.h is unchanged
config.status:1336: executing depfiles commands
config.status:1336: executing libtool commands

## ---------------------- ##
## Running config.status. ##
## ---------------------- ##

This file was extended by Spider Utils config.status 2.0.0, which was
generated by GNU Autoconf 2.63.  Invocation command line was

  CONFIG_FILES    = 
  CONFIG_HEADERS  = 
  CONFIG_LINKS    = 
  CONFIG_COMMANDS = 
  $ ./config.status 

on wwj_machine

config.status:1062: creating src/Makefile
config.status:1062: creating package_config.h
config.status:1284: package_config.h is unchanged
config.status:1336: executing depfiles commands
config.status:1336: executing libtool commands

## ---------------------- ##
## Running config.status. ##
## ---------------------- ##

This file was extended by Spider Utils config.status 2.0.0, which was
generated by GNU Autoconf 2.63.  Invocation command line was

  CONFIG_FILES    = 
  CONFIG_HEADERS  = 
  CONFIG_LINKS    = 
  CONFIG_COMMANDS = 
  $ ./config.status 

on wwj_machine

config.status:1062: creating src/Makefile
config.status:1062: creating package_config.h
config.status:1284: package_config.h is unchanged
config.status:1336: executing depfiles commands
config.status:1336: executing libtool commands
